# JRE version: OpenJDK Runtime Environment (8.0_402-b08) (build 1.8.0_402-b08)
# Java VM: OpenJDK 64-Bit Server VM (25.402-b08 mixed mode windows-amd64 compressed oops)
Heap:
 PSYoungGen      total 1264128K, used 32K [0x00000006c0f00000, 0x000000073a000000, 0x00000007c0000000)
  eden space 1241600K, 0% used [0x00000006c0f00000,0x00000006c0f00000,0x000000070cb80000)
  from space 22528K, 0% used [0x000000070cb80000,0x000000070cb88000,0x000000070e180000)
  to   space 23040K, 0% used [0x0000000738980000,0x0000000738980000,0x000000073a000000)
 ParOldGen       total 1091072K, used 905542K [0x00000004c2c00000, 0x0000000505580000, 0x00000006c0f00000)
  object space 1091072K, 82% used [0x00000004c2c00000,0x00000004fa051958,0x0000000505580000)
 Metaspace       used 64524K, capacity 67670K, committed 68056K, reserved 1107968K
  class space    used 8608K, capacity 9172K, committed 9216K, reserved 1048576K
GC Heap History (10 events):
Event: 6.159 GC heap after
Heap after GC invocations=12 (full 3):
 PSYoungGen      total 547328K, used 3878K [0x00000006c0f00000, 0x00000006f4700000, 0x00000007c0000000)
  eden space 525312K, 0% used [0x00000006c0f00000,0x00000006c0f00000,0x00000006e1000000)
  from space 22016K, 17% used [0x00000006e1000000,0x00000006e13c9880,0x00000006e2580000)
  to   space 22528K, 0% used [0x00000006f3100000,0x00000006f3100000,0x00000006f4700000)
 ParOldGen       total 753152K, used 188505K [0x00000004c2c00000, 0x00000004f0b80000, 0x00000006c0f00000)
  object space 753152K, 25% used [0x00000004c2c00000,0x00000004ce416770,0x00000004f0b80000)
 Metaspace       used 64516K, capacity 67670K, committed 68056K, reserved 1107968K
  class space    used 8608K, capacity 9172K, committed 9216K, reserved 1048576K
}
Event: 6.338 GC heap before
{Heap before GC invocations=13 (full 3):
 PSYoungGen      total 547328K, used 529190K [0x00000006c0f00000, 0x00000006f4700000, 0x00000007c0000000)
  eden space 525312K, 100% used [0x00000006c0f00000,0x00000006e1000000,0x00000006e1000000)
  from space 22016K, 17% used [0x00000006e1000000,0x00000006e13c9880,0x00000006e2580000)
  to   space 22528K, 0% used [0x00000006f3100000,0x00000006f3100000,0x00000006f4700000)
 ParOldGen       total 753152K, used 188505K [0x00000004c2c00000, 0x00000004f0b80000, 0x00000006c0f00000)
  object space 753152K, 25% used [0x00000004c2c00000,0x00000004ce416770,0x00000004f0b80000)
 Metaspace       used 64517K, capacity 67670K, committed 68056K, reserved 1107968K
  class space    used 8608K, capacity 9172K, committed 9216K, reserved 1048576K
Event: 6.484 GC heap after
Heap after GC invocations=13 (full 3):
 PSYoungGen      total 821248K, used 3894K [0x00000006c0f00000, 0x00000006f5580000, 0x00000007c0000000)
  eden space 798720K, 0% used [0x00000006c0f00000,0x00000006c0f00000,0x00000006f1b00000)
  from space 22528K, 17% used [0x00000006f3100000,0x00000006f34cd8b0,0x00000006f4700000)
  to   space 22528K, 0% used [0x00000006f1b00000,0x00000006f1b00000,0x00000006f3100000)
 ParOldGen       total 753152K, used 338683K [0x00000004c2c00000, 0x00000004f0b80000, 0x00000006c0f00000)
  object space 753152K, 44% used [0x00000004c2c00000,0x00000004d76becf8,0x00000004f0b80000)
 Metaspace       used 64517K, capacity 67670K, committed 68056K, reserved 1107968K
  class space    used 8608K, capacity 9172K, committed 9216K, reserved 1048576K
}
Event: 6.805 GC heap before
{Heap before GC invocations=14 (full 3):
 PSYoungGen      total 821248K, used 802614K [0x00000006c0f00000, 0x00000006f5580000, 0x00000007c0000000)
  eden space 798720K, 100% used [0x00000006c0f00000,0x00000006f1b00000,0x00000006f1b00000)
  from space 22528K, 17% used [0x00000006f3100000,0x00000006f34cd8b0,0x00000006f4700000)
  to   space 22528K, 0% used [0x00000006f1b00000,0x00000006f1b00000,0x00000006f3100000)
 ParOldGen       total 753152K, used 338683K [0x00000004c2c00000, 0x00000004f0b80000, 0x00000006c0f00000)
  object space 753152K, 44% used [0x00000004c2c00000,0x00000004d76becf8,0x00000004f0b80000)
 Metaspace       used 64518K, capacity 67670K, committed 68056K, reserved 1107968K
  class space    used 8608K, capacity 9172K, committed 9216K, reserved 1048576K
Event: 7.038 GC heap after
Heap after GC invocations=14 (full 3):
 PSYoungGen      total 821248K, used 3910K [0x00000006c0f00000, 0x000000070fa00000, 0x00000007c0000000)
  eden space 798720K, 0% used [0x00000006c0f00000,0x00000006c0f00000,0x00000006f1b00000)
  from space 22528K, 17% used [0x00000006f1b00000,0x00000006f1ed18a0,0x00000006f3100000)
  to   space 22528K, 0% used [0x000000070e400000,0x000000070e400000,0x000000070fa00000)
 ParOldGen       total 753152K, used 563937K [0x00000004c2c00000, 0x00000004f0b80000, 0x00000006c0f00000)
  object space 753152K, 74% used [0x00000004c2c00000,0x00000004e52b8538,0x00000004f0b80000)
 Metaspace       used 64518K, capacity 67670K, committed 68056K, reserved 1107968K
  class space    used 8608K, capacity 9172K, committed 9216K, reserved 1048576K
}
Event: 7.254 GC heap before
{Heap before GC invocations=15 (full 3):
 PSYoungGen      total 821248K, used 520724K [0x00000006c0f00000, 0x000000070fa00000, 0x00000007c0000000)
  eden space 798720K, 64% used [0x00000006c0f00000,0x00000006e07b38b0,0x00000006f1b00000)
  from space 22528K, 17% used [0x00000006f1b00000,0x00000006f1ed18a0,0x00000006f3100000)
  to   space 22528K, 0% used [0x000000070e400000,0x000000070e400000,0x000000070fa00000)
 ParOldGen       total 753152K, used 563937K [0x00000004c2c00000, 0x00000004f0b80000, 0x00000006c0f00000)
  object space 753152K, 74% used [0x00000004c2c00000,0x00000004e52b8538,0x00000004f0b80000)
 Metaspace       used 64523K, capacity 67670K, committed 68056K, reserved 1107968K
  class space    used 8608K, capacity 9172K, committed 9216K, reserved 1048576K
Event: 7.304 GC heap after
Heap after GC invocations=15 (full 3):
 PSYoungGen      total 1261568K, used 3910K [0x00000006c0f00000, 0x000000070f780000, 0x00000007c0000000)
  eden space 1241600K, 0% used [0x00000006c0f00000,0x00000006c0f00000,0x000000070cb80000)
  from space 19968K, 19% used [0x000000070e400000,0x000000070e7d18c0,0x000000070f780000)
  to   space 22528K, 0% used [0x000000070cb80000,0x000000070cb80000,0x000000070e180000)
 ParOldGen       total 753152K, used 563937K [0x00000004c2c00000, 0x00000004f0b80000, 0x00000006c0f00000)
  object space 753152K, 74% used [0x00000004c2c00000,0x00000004e52b8538,0x00000004f0b80000)
 Metaspace       used 64523K, capacity 67670K, committed 68056K, reserved 1107968K
  class space    used 8608K, capacity 9172K, committed 9216K, reserved 1048576K
}
Event: 7.813 GC heap before
{Heap before GC invocations=16 (full 3):
 PSYoungGen      total 1261568K, used 1245510K [0x00000006c0f00000, 0x000000070f780000, 0x00000007c0000000)
  eden space 1241600K, 100% used [0x00000006c0f00000,0x000000070cb80000,0x000000070cb80000)
  from space 19968K, 19% used [0x000000070e400000,0x000000070e7d18c0,0x000000070f780000)
  to   space 22528K, 0% used [0x000000070cb80000,0x000000070cb80000,0x000000070e180000)
 ParOldGen       total 753152K, used 563937K [0x00000004c2c00000, 0x00000004f0b80000, 0x00000006c0f00000)
  object space 753152K, 74% used [0x00000004c2c00000,0x00000004e52b8538,0x00000004f0b80000)
 Metaspace       used 64524K, capacity 67670K, committed 68056K, reserved 1107968K
  class space    used 8608K, capacity 9172K, committed 9216K, reserved 1048576K
Event: 8.143 GC heap after
Heap after GC invocations=16 (full 3):
 PSYoungGen      total 1264128K, used 32K [0x00000006c0f00000, 0x000000073a000000, 0x00000007c0000000)
  eden space 1241600K, 0% used [0x00000006c0f00000,0x00000006c0f00000,0x000000070cb80000)
  from space 22528K, 0% used [0x000000070cb80000,0x000000070cb88000,0x000000070e180000)
  to   space 23040K, 0% used [0x0000000738980000,0x0000000738980000,0x000000073a000000)
 ParOldGen       total 1091072K, used 905542K [0x00000004c2c00000, 0x0000000505580000, 0x00000006c0f00000)
  object space 1091072K, 82% used [0x00000004c2c00000,0x00000004fa051958,0x0000000505580000)
 Metaspace       used 64524K, capacity 67670K, committed 68056K, reserved 1107968K
  class space    used 8608K, capacity 9172K, committed 9216K, reserved 1048576K
}
Event: 8.143 GC heap before
{Heap before GC invocations=17 (full 4):
 PSYoungGen      total 1264128K, used 32K [0x00000006c0f00000, 0x000000073a000000, 0x00000007c0000000)
  eden space 1241600K, 0% used [0x00000006c0f00000,0x00000006c0f00000,0x000000070cb80000)
  from space 22528K, 0% used [0x000000070cb80000,0x000000070cb88000,0x000000070e180000)
  to   space 23040K, 0% used [0x0000000738980000,0x0000000738980000,0x000000073a000000)
 ParOldGen       total 1091072K, used 905542K [0x00000004c2c00000, 0x0000000505580000, 0x00000006c0f00000)
  object space 1091072K, 82% used [0x00000004c2c00000,0x00000004fa051958,0x0000000505580000)
 Metaspace       used 64524K, capacity 67670K, committed 68056K, reserved 1107968K
  class space    used 8608K, capacity 9172K, committed 9216K, reserved 1048576K

