# JRE version: OpenJDK Runtime Environment (8.0_402-b08) (build 1.8.0_402-b08)
# Java VM: OpenJDK 64-Bit Server VM (25.402-b08 mixed mode windows-amd64 compressed oops)
Heap:
 PSYoungGen      total 1861632K, used 1740920K [0x00000006c0f00000, 0x0000000737f00000, 0x00000007c0000000)
  eden space 1861120K, 93% used [0x00000006c0f00000,0x000000072b30e210,0x0000000732880000)
  from space 512K, 12% used [0x0000000737e80000,0x0000000737e90000,0x0000000737f00000)
  to   space 23552K, 100% used [0x0000000735100000,0x0000000736800000,0x0000000736800000)
 ParOldGen       total 1966592K, used 1966531K [0x00000004c2c00000, 0x000000053ac80000, 0x00000006c0f00000)
  object space 1966592K, 99% used [0x00000004c2c00000,0x000000053ac7ecf8,0x000000053ac80000)
 Metaspace       used 58023K, capacity 61100K, committed 61400K, reserved 1101824K
  class space    used 7839K, capacity 8387K, committed 8448K, reserved 1048576K
GC Heap History (10 events):
Event: 6.731 GC heap after
Heap after GC invocations=14 (full 3):
 PSYoungGen      total 821248K, used 704K [0x00000006c0f00000, 0x000000070f700000, 0x00000007c0000000)
  eden space 797184K, 0% used [0x00000006c0f00000,0x00000006c0f00000,0x00000006f1980000)
  from space 24064K, 2% used [0x00000006f1980000,0x00000006f1a30000,0x00000006f3100000)
  to   space 24576K, 0% used [0x000000070df00000,0x000000070df00000,0x000000070f700000)
 ParOldGen       total 777216K, used 573998K [0x00000004c2c00000, 0x00000004f2300000, 0x00000006c0f00000)
  object space 777216K, 73% used [0x00000004c2c00000,0x00000004e5c8ba50,0x00000004f2300000)
 Metaspace       used 57998K, capacity 61036K, committed 61144K, reserved 1101824K
  class space    used 7839K, capacity 8387K, committed 8448K, reserved 1048576K
}
Event: 6.945 GC heap before
{Heap before GC invocations=15 (full 3):
 PSYoungGen      total 821248K, used 515864K [0x00000006c0f00000, 0x000000070f700000, 0x00000007c0000000)
  eden space 797184K, 64% used [0x00000006c0f00000,0x00000006e06161b8,0x00000006f1980000)
  from space 24064K, 2% used [0x00000006f1980000,0x00000006f1a30000,0x00000006f3100000)
  to   space 24576K, 0% used [0x000000070df00000,0x000000070df00000,0x000000070f700000)
 ParOldGen       total 777216K, used 573998K [0x00000004c2c00000, 0x00000004f2300000, 0x00000006c0f00000)
  object space 777216K, 73% used [0x00000004c2c00000,0x00000004e5c8ba50,0x00000004f2300000)
 Metaspace       used 58003K, capacity 61036K, committed 61144K, reserved 1101824K
  class space    used 7839K, capacity 8387K, committed 8448K, reserved 1048576K
Event: 7.012 GC heap after
Heap after GC invocations=15 (full 3):
 PSYoungGen      total 1259520K, used 32K [0x00000006c0f00000, 0x000000070f580000, 0x00000007c0000000)
  eden space 1236480K, 0% used [0x00000006c0f00000,0x00000006c0f00000,0x000000070c680000)
  from space 23040K, 0% used [0x000000070df00000,0x000000070df08000,0x000000070f580000)
  to   space 24064K, 0% used [0x000000070c680000,0x000000070c680000,0x000000070de00000)
 ParOldGen       total 777216K, used 574574K [0x00000004c2c00000, 0x00000004f2300000, 0x00000006c0f00000)
  object space 777216K, 73% used [0x00000004c2c00000,0x00000004e5d1ba60,0x00000004f2300000)
 Metaspace       used 58003K, capacity 61036K, committed 61144K, reserved 1101824K
  class space    used 7839K, capacity 8387K, committed 8448K, reserved 1048576K
}
Event: 7.512 GC heap before
{Heap before GC invocations=16 (full 3):
 PSYoungGen      total 1259520K, used 1236512K [0x00000006c0f00000, 0x000000070f580000, 0x00000007c0000000)
  eden space 1236480K, 100% used [0x00000006c0f00000,0x000000070c680000,0x000000070c680000)
  from space 23040K, 0% used [0x000000070df00000,0x000000070df08000,0x000000070f580000)
  to   space 24064K, 0% used [0x000000070c680000,0x000000070c680000,0x000000070de00000)
 ParOldGen       total 777216K, used 574574K [0x00000004c2c00000, 0x00000004f2300000, 0x00000006c0f00000)
  object space 777216K, 73% used [0x00000004c2c00000,0x00000004e5d1ba60,0x00000004f2300000)
 Metaspace       used 58003K, capacity 61036K, committed 61144K, reserved 1101824K
  class space    used 7839K, capacity 8387K, committed 8448K, reserved 1048576K
Event: 7.880 GC heap after
Heap after GC invocations=16 (full 3):
 PSYoungGen      total 1260544K, used 32K [0x00000006c0f00000, 0x0000000739600000, 0x00000007c0000000)
  eden space 1236480K, 0% used [0x00000006c0f00000,0x00000006c0f00000,0x000000070c680000)
  from space 24064K, 0% used [0x000000070c680000,0x000000070c688000,0x000000070de00000)
  to   space 24064K, 0% used [0x0000000737e80000,0x0000000737e80000,0x0000000739600000)
 ParOldGen       total 1115136K, used 912455K [0x00000004c2c00000, 0x0000000506d00000, 0x00000006c0f00000)
  object space 1115136K, 81% used [0x00000004c2c00000,0x00000004fa711eb0,0x0000000506d00000)
 Metaspace       used 58003K, capacity 61036K, committed 61144K, reserved 1101824K
  class space    used 7839K, capacity 8387K, committed 8448K, reserved 1048576K
}
Event: 7.880 GC heap before
{Heap before GC invocations=17 (full 4):
 PSYoungGen      total 1260544K, used 32K [0x00000006c0f00000, 0x0000000739600000, 0x00000007c0000000)
  eden space 1236480K, 0% used [0x00000006c0f00000,0x00000006c0f00000,0x000000070c680000)
  from space 24064K, 0% used [0x000000070c680000,0x000000070c688000,0x000000070de00000)
  to   space 24064K, 0% used [0x0000000737e80000,0x0000000737e80000,0x0000000739600000)
 ParOldGen       total 1115136K, used 912455K [0x00000004c2c00000, 0x0000000506d00000, 0x00000006c0f00000)
  object space 1115136K, 81% used [0x00000004c2c00000,0x00000004fa711eb0,0x0000000506d00000)
 Metaspace       used 58003K, capacity 61036K, committed 61144K, reserved 1101824K
  class space    used 7839K, capacity 8387K, committed 8448K, reserved 1048576K
Event: 8.393 GC heap after
Heap after GC invocations=17 (full 4):
 PSYoungGen      total 1260544K, used 0K [0x00000006c0f00000, 0x0000000739600000, 0x00000007c0000000)
  eden space 1236480K, 0% used [0x00000006c0f00000,0x00000006c0f00000,0x000000070c680000)
  from space 24064K, 0% used [0x000000070c680000,0x000000070c680000,0x000000070de00000)
  to   space 24064K, 0% used [0x0000000737e80000,0x0000000737e80000,0x0000000739600000)
 ParOldGen       total 1451008K, used 360733K [0x00000004c2c00000, 0x000000051b500000, 0x00000006c0f00000)
  object space 1451008K, 24% used [0x00000004c2c00000,0x00000004d8c47668,0x000000051b500000)
 Metaspace       used 58003K, capacity 61036K, committed 61144K, reserved 1101824K
  class space    used 7839K, capacity 8387K, committed 8448K, reserved 1048576K
}
Event: 8.766 GC heap before
{Heap before GC invocations=18 (full 4):
 PSYoungGen      total 1260544K, used 1236480K [0x00000006c0f00000, 0x0000000739600000, 0x00000007c0000000)
  eden space 1236480K, 100% used [0x00000006c0f00000,0x000000070c680000,0x000000070c680000)
  from space 24064K, 0% used [0x000000070c680000,0x000000070c680000,0x000000070de00000)
  to   space 24064K, 0% used [0x0000000737e80000,0x0000000737e80000,0x0000000739600000)
 ParOldGen       total 1451008K, used 360733K [0x00000004c2c00000, 0x000000051b500000, 0x00000006c0f00000)
  object space 1451008K, 24% used [0x00000004c2c00000,0x00000004d8c47668,0x000000051b500000)
 Metaspace       used 58017K, capacity 61100K, committed 61400K, reserved 1101824K
  class space    used 7839K, capacity 8387K, committed 8448K, reserved 1048576K
Event: 9.152 GC heap after
Heap after GC invocations=18 (full 4):
 PSYoungGen      total 1861632K, used 64K [0x00000006c0f00000, 0x0000000737f00000, 0x00000007c0000000)
  eden space 1861120K, 0% used [0x00000006c0f00000,0x00000006c0f00000,0x0000000732880000)
  from space 512K, 12% used [0x0000000737e80000,0x0000000737e90000,0x0000000737f00000)
  to   space 23552K, 0% used [0x0000000735100000,0x0000000735100000,0x0000000736800000)
 ParOldGen       total 1451008K, used 867563K [0x00000004c2c00000, 0x000000051b500000, 0x00000006c0f00000)
  object space 1451008K, 59% used [0x00000004c2c00000,0x00000004f7b3acd8,0x000000051b500000)
 Metaspace       used 58017K, capacity 61100K, committed 61400K, reserved 1101824K
  class space    used 7839K, capacity 8387K, committed 8448K, reserved 1048576K
}
Event: 15.785 GC heap before
{Heap before GC invocations=19 (full 4):
 PSYoungGen      total 1861632K, used 1740920K [0x00000006c0f00000, 0x0000000737f00000, 0x00000007c0000000)
  eden space 1861120K, 93% used [0x00000006c0f00000,0x000000072b30e210,0x0000000732880000)
  from space 512K, 12% used [0x0000000737e80000,0x0000000737e90000,0x0000000737f00000)
  to   space 23552K, 0% used [0x0000000735100000,0x0000000735100000,0x0000000736800000)
 ParOldGen       total 1451008K, used 867563K [0x00000004c2c00000, 0x000000051b500000, 0x00000006c0f00000)
  object space 1451008K, 59% used [0x00000004c2c00000,0x00000004f7b3acd8,0x000000051b500000)
 Metaspace       used 58023K, capacity 61100K, committed 61400K, reserved 1101824K
  class space    used 7839K, capacity 8387K, committed 8448K, reserved 1048576K

