# JRE version: OpenJDK Runtime Environment (8.0_402-b08) (build 1.8.0_402-b08)
# Java VM: OpenJDK 64-Bit Server VM (25.402-b08 mixed mode windows-amd64 compressed oops)
Heap:
 PSYoungGen      total 952832K, used 952813K [0x00000006c0f00000, 0x000000072e580000, 0x00000007c0000000)
  eden space 616960K, 100% used [0x00000006c0f00000,0x00000006e6980000,0x00000006e6980000)
  from space 335872K, 99% used [0x00000006e6980000,0x00000006fb17b428,0x00000006fb180000)
  to   space 494592K, 51% used [0x0000000710280000,0x000000071fb73428,0x000000072e580000)
 ParOldGen       total 1697792K, used 917542K [0x00000004c2c00000, 0x000000052a600000, 0x00000006c0f00000)
  object space 1697792K, 54% used [0x00000004c2c00000,0x00000004fac098a0,0x000000052a600000)
 Metaspace       used 64658K, capacity 67820K, committed 68056K, reserved 1107968K
  class space    used 8600K, capacity 9173K, committed 9216K, reserved 1048576K
GC Heap History (10 events):
Event: 6.350 GC heap after
Heap after GC invocations=11 (full 3):
 PSYoungGen      total 496128K, used 20454K [0x00000006c0f00000, 0x00000006eb300000, 0x00000007c0000000)
  eden space 475648K, 0% used [0x00000006c0f00000,0x00000006c0f00000,0x00000006ddf80000)
  from space 20480K, 99% used [0x00000006e1700000,0x00000006e2af98e0,0x00000006e2b00000)
  to   space 56832K, 0% used [0x00000006ddf80000,0x00000006ddf80000,0x00000006e1700000)
 ParOldGen       total 772096K, used 125250K [0x00000004c2c00000, 0x00000004f1e00000, 0x00000006c0f00000)
  object space 772096K, 16% used [0x00000004c2c00000,0x00000004ca650ab8,0x00000004f1e00000)
 Metaspace       used 64483K, capacity 67682K, committed 68056K, reserved 1107968K
  class space    used 8597K, capacity 9172K, committed 9216K, reserved 1048576K
}
Event: 6.515 GC heap before
{Heap before GC invocations=12 (full 3):
 PSYoungGen      total 496128K, used 496102K [0x00000006c0f00000, 0x00000006eb300000, 0x00000007c0000000)
  eden space 475648K, 100% used [0x00000006c0f00000,0x00000006ddf80000,0x00000006ddf80000)
  from space 20480K, 99% used [0x00000006e1700000,0x00000006e2af98e0,0x00000006e2b00000)
  to   space 56832K, 0% used [0x00000006ddf80000,0x00000006ddf80000,0x00000006e1700000)
 ParOldGen       total 772096K, used 125250K [0x00000004c2c00000, 0x00000004f1e00000, 0x00000006c0f00000)
  object space 772096K, 16% used [0x00000004c2c00000,0x00000004ca650ab8,0x00000004f1e00000)
 Metaspace       used 64483K, capacity 67682K, committed 68056K, reserved 1107968K
  class space    used 8597K, capacity 9172K, committed 9216K, reserved 1048576K
Event: 6.693 GC heap after
Heap after GC invocations=12 (full 3):
 PSYoungGen      total 532480K, used 56822K [0x00000006c0f00000, 0x000000070b080000, 0x00000007c0000000)
  eden space 475648K, 0% used [0x00000006c0f00000,0x00000006c0f00000,0x00000006ddf80000)
  from space 56832K, 99% used [0x00000006ddf80000,0x00000006e16fd890,0x00000006e1700000)
  to   space 243200K, 0% used [0x00000006fc300000,0x00000006fc300000,0x000000070b080000)
 ParOldGen       total 772096K, used 562114K [0x00000004c2c00000, 0x00000004f1e00000, 0x00000006c0f00000)
  object space 772096K, 72% used [0x00000004c2c00000,0x00000004e50f0ad8,0x00000004f1e00000)
 Metaspace       used 64483K, capacity 67682K, committed 68056K, reserved 1107968K
  class space    used 8597K, capacity 9172K, committed 9216K, reserved 1048576K
}
Event: 6.693 GC heap before
{Heap before GC invocations=13 (full 4):
 PSYoungGen      total 532480K, used 56822K [0x00000006c0f00000, 0x000000070b080000, 0x00000007c0000000)
  eden space 475648K, 0% used [0x00000006c0f00000,0x00000006c0f00000,0x00000006ddf80000)
  from space 56832K, 99% used [0x00000006ddf80000,0x00000006e16fd890,0x00000006e1700000)
  to   space 243200K, 0% used [0x00000006fc300000,0x00000006fc300000,0x000000070b080000)
 ParOldGen       total 772096K, used 562114K [0x00000004c2c00000, 0x00000004f1e00000, 0x00000006c0f00000)
  object space 772096K, 72% used [0x00000004c2c00000,0x00000004e50f0ad8,0x00000004f1e00000)
 Metaspace       used 64483K, capacity 67682K, committed 68056K, reserved 1107968K
  class space    used 8597K, capacity 9172K, committed 9216K, reserved 1048576K
Event: 8.224 GC heap after
Heap after GC invocations=13 (full 4):
 PSYoungGen      total 532480K, used 0K [0x00000006c0f00000, 0x000000070b080000, 0x00000007c0000000)
  eden space 475648K, 0% used [0x00000006c0f00000,0x00000006c0f00000,0x00000006ddf80000)
  from space 56832K, 0% used [0x00000006ddf80000,0x00000006ddf80000,0x00000006e1700000)
  to   space 243200K, 0% used [0x00000006fc300000,0x00000006fc300000,0x000000070b080000)
 ParOldGen       total 1697792K, used 528006K [0x00000004c2c00000, 0x000000052a600000, 0x00000006c0f00000)
  object space 1697792K, 31% used [0x00000004c2c00000,0x00000004e2fa18a0,0x000000052a600000)
 Metaspace       used 64483K, capacity 67682K, committed 68056K, reserved 1107968K
  class space    used 8597K, capacity 9172K, committed 9216K, reserved 1048576K
}
Event: 8.763 GC heap before
{Heap before GC invocations=14 (full 4):
 PSYoungGen      total 532480K, used 475648K [0x00000006c0f00000, 0x000000070b080000, 0x00000007c0000000)
  eden space 475648K, 100% used [0x00000006c0f00000,0x00000006ddf80000,0x00000006ddf80000)
  from space 56832K, 0% used [0x00000006ddf80000,0x00000006ddf80000,0x00000006e1700000)
  to   space 243200K, 0% used [0x00000006fc300000,0x00000006fc300000,0x000000070b080000)
 ParOldGen       total 1697792K, used 528006K [0x00000004c2c00000, 0x000000052a600000, 0x00000006c0f00000)
  object space 1697792K, 31% used [0x00000004c2c00000,0x00000004e2fa18a0,0x000000052a600000)
 Metaspace       used 64639K, capacity 67816K, committed 68056K, reserved 1107968K
  class space    used 8600K, capacity 9173K, committed 9216K, reserved 1048576K
Event: 8.924 GC heap after
Heap after GC invocations=14 (full 4):
 PSYoungGen      total 860160K, used 243181K [0x00000006c0f00000, 0x000000070f980000, 0x00000007c0000000)
  eden space 616960K, 0% used [0x00000006c0f00000,0x00000006c0f00000,0x00000006e6980000)
  from space 243200K, 99% used [0x00000006fc300000,0x000000070b07b428,0x000000070b080000)
  to   space 335872K, 0% used [0x00000006e6980000,0x00000006e6980000,0x00000006fb180000)
 ParOldGen       total 1697792K, used 656838K [0x00000004c2c00000, 0x000000052a600000, 0x00000006c0f00000)
  object space 1697792K, 38% used [0x00000004c2c00000,0x00000004ead718a0,0x000000052a600000)
 Metaspace       used 64639K, capacity 67816K, committed 68056K, reserved 1107968K
  class space    used 8600K, capacity 9173K, committed 9216K, reserved 1048576K
}
Event: 10.163 GC heap before
{Heap before GC invocations=15 (full 4):
 PSYoungGen      total 860160K, used 860141K [0x00000006c0f00000, 0x000000070f980000, 0x00000007c0000000)
  eden space 616960K, 100% used [0x00000006c0f00000,0x00000006e6980000,0x00000006e6980000)
  from space 243200K, 99% used [0x00000006fc300000,0x000000070b07b428,0x000000070b080000)
  to   space 335872K, 0% used [0x00000006e6980000,0x00000006e6980000,0x00000006fb180000)
 ParOldGen       total 1697792K, used 656838K [0x00000004c2c00000, 0x000000052a600000, 0x00000006c0f00000)
  object space 1697792K, 38% used [0x00000004c2c00000,0x00000004ead718a0,0x000000052a600000)
 Metaspace       used 64657K, capacity 67820K, committed 68056K, reserved 1107968K
  class space    used 8600K, capacity 9173K, committed 9216K, reserved 1048576K
Event: 10.387 GC heap after
Heap after GC invocations=15 (full 4):
 PSYoungGen      total 952832K, used 335853K [0x00000006c0f00000, 0x000000072e580000, 0x00000007c0000000)
  eden space 616960K, 0% used [0x00000006c0f00000,0x00000006c0f00000,0x00000006e6980000)
  from space 335872K, 99% used [0x00000006e6980000,0x00000006fb17b428,0x00000006fb180000)
  to   space 494592K, 0% used [0x0000000710280000,0x0000000710280000,0x000000072e580000)
 ParOldGen       total 1697792K, used 917534K [0x00000004c2c00000, 0x000000052a600000, 0x00000006c0f00000)
  object space 1697792K, 54% used [0x00000004c2c00000,0x00000004fac078a0,0x000000052a600000)
 Metaspace       used 64657K, capacity 67820K, committed 68056K, reserved 1107968K
  class space    used 8600K, capacity 9173K, committed 9216K, reserved 1048576K
}
Event: 11.606 GC heap before
{Heap before GC invocations=16 (full 4):
 PSYoungGen      total 952832K, used 952813K [0x00000006c0f00000, 0x000000072e580000, 0x00000007c0000000)
  eden space 616960K, 100% used [0x00000006c0f00000,0x00000006e6980000,0x00000006e6980000)
  from space 335872K, 99% used [0x00000006e6980000,0x00000006fb17b428,0x00000006fb180000)
  to   space 494592K, 0% used [0x0000000710280000,0x0000000710280000,0x000000072e580000)
 ParOldGen       total 1697792K, used 917534K [0x00000004c2c00000, 0x000000052a600000, 0x00000006c0f00000)
  object space 1697792K, 54% used [0x00000004c2c00000,0x00000004fac078a0,0x000000052a600000)
 Metaspace       used 64658K, capacity 67820K, committed 68056K, reserved 1107968K
  class space    used 8600K, capacity 9173K, committed 9216K, reserved 1048576K

