# JRE version: OpenJDK Runtime Environment (8.0_402-b08) (build 1.8.0_402-b08)
# Java VM: OpenJDK 64-Bit Server VM (25.402-b08 mixed mode windows-amd64 compressed oops)
Heap:
 PSYoungGen      total 1874432K, used 23040K [0x00000006c0f00000, 0x00000007b2a80000, 0x00000007c0000000)
  eden space 1851392K, 0% used [0x00000006c0f00000,0x00000006c0f00000,0x0000000731f00000)
  from space 23040K, 100% used [0x0000000731f00000,0x0000000733580000,0x0000000733580000)
  to   space 625664K, 0% used [0x000000078c780000,0x000000078c780000,0x00000007b2a80000)
 ParOldGen       total 2488832K, used 2488701K [0x00000004c2c00000, 0x000000055aa80000, 0x00000006c0f00000)
  object space 2488832K, 99% used [0x00000004c2c00000,0x000000055aa5f678,0x000000055aa80000)
 Metaspace       used 64508K, capacity 67686K, committed 68056K, reserved 1107968K
  class space    used 8597K, capacity 9172K, committed 9216K, reserved 1048576K
GC Heap History (10 events):
Event: 7.646 GC heap after
Heap after GC invocations=15 (full 3):
 PSYoungGen      total 1221632K, used 3846K [0x00000006c0f00000, 0x000000070d100000, 0x00000007c0000000)
  eden space 1202176K, 0% used [0x00000006c0f00000,0x00000006c0f00000,0x000000070a500000)
  from space 19456K, 19% used [0x000000070be00000,0x000000070c1c1880,0x000000070d100000)
  to   space 22528K, 0% used [0x000000070a500000,0x000000070a500000,0x000000070bb00000)
 ParOldGen       total 784384K, used 564026K [0x00000004c2c00000, 0x00000004f2a00000, 0x00000006c0f00000)
  object space 784384K, 71% used [0x00000004c2c00000,0x00000004e52ceb70,0x00000004f2a00000)
 Metaspace       used 64495K, capacity 67686K, committed 68056K, reserved 1107968K
  class space    used 8597K, capacity 9172K, committed 9216K, reserved 1048576K
}
Event: 8.168 GC heap before
{Heap before GC invocations=16 (full 3):
 PSYoungGen      total 1221632K, used 1206022K [0x00000006c0f00000, 0x000000070d100000, 0x00000007c0000000)
  eden space 1202176K, 100% used [0x00000006c0f00000,0x000000070a500000,0x000000070a500000)
  from space 19456K, 19% used [0x000000070be00000,0x000000070c1c1880,0x000000070d100000)
  to   space 22528K, 0% used [0x000000070a500000,0x000000070a500000,0x000000070bb00000)
 ParOldGen       total 784384K, used 564026K [0x00000004c2c00000, 0x00000004f2a00000, 0x00000006c0f00000)
  object space 784384K, 71% used [0x00000004c2c00000,0x00000004e52ceb70,0x00000004f2a00000)
 Metaspace       used 64495K, capacity 67686K, committed 68056K, reserved 1107968K
  class space    used 8597K, capacity 9172K, committed 9216K, reserved 1048576K
Event: 8.503 GC heap after
Heap after GC invocations=16 (full 3):
 PSYoungGen      total 1224704K, used 32K [0x00000006c0f00000, 0x0000000736200000, 0x00000007c0000000)
  eden space 1202176K, 0% used [0x00000006c0f00000,0x00000006c0f00000,0x000000070a500000)
  from space 22528K, 0% used [0x000000070a500000,0x000000070a508000,0x000000070bb00000)
  to   space 23040K, 0% used [0x0000000734b80000,0x0000000734b80000,0x0000000736200000)
 ParOldGen       total 1122304K, used 905651K [0x00000004c2c00000, 0x0000000507400000, 0x00000006c0f00000)
  object space 1122304K, 80% used [0x00000004c2c00000,0x00000004fa06cd20,0x0000000507400000)
 Metaspace       used 64495K, capacity 67686K, committed 68056K, reserved 1107968K
  class space    used 8597K, capacity 9172K, committed 9216K, reserved 1048576K
}
Event: 8.503 GC heap before
{Heap before GC invocations=17 (full 4):
 PSYoungGen      total 1224704K, used 32K [0x00000006c0f00000, 0x0000000736200000, 0x00000007c0000000)
  eden space 1202176K, 0% used [0x00000006c0f00000,0x00000006c0f00000,0x000000070a500000)
  from space 22528K, 0% used [0x000000070a500000,0x000000070a508000,0x000000070bb00000)
  to   space 23040K, 0% used [0x0000000734b80000,0x0000000734b80000,0x0000000736200000)
 ParOldGen       total 1122304K, used 905651K [0x00000004c2c00000, 0x0000000507400000, 0x00000006c0f00000)
  object space 1122304K, 80% used [0x00000004c2c00000,0x00000004fa06cd20,0x0000000507400000)
 Metaspace       used 64495K, capacity 67686K, committed 68056K, reserved 1107968K
  class space    used 8597K, capacity 9172K, committed 9216K, reserved 1048576K
Event: 9.030 GC heap after
Heap after GC invocations=17 (full 4):
 PSYoungGen      total 1224704K, used 0K [0x00000006c0f00000, 0x0000000736200000, 0x00000007c0000000)
  eden space 1202176K, 0% used [0x00000006c0f00000,0x00000006c0f00000,0x000000070a500000)
  from space 22528K, 0% used [0x000000070a500000,0x000000070a500000,0x000000070bb00000)
  to   space 23040K, 0% used [0x0000000734b80000,0x0000000734b80000,0x0000000736200000)
 ParOldGen       total 1457664K, used 363775K [0x00000004c2c00000, 0x000000051bb80000, 0x00000006c0f00000)
  object space 1457664K, 24% used [0x00000004c2c00000,0x00000004d8f3ffe8,0x000000051bb80000)
 Metaspace       used 64495K, capacity 67686K, committed 68056K, reserved 1107968K
  class space    used 8597K, capacity 9172K, committed 9216K, reserved 1048576K
}
Event: 9.400 GC heap before
{Heap before GC invocations=18 (full 4):
 PSYoungGen      total 1224704K, used 1202176K [0x00000006c0f00000, 0x0000000736200000, 0x00000007c0000000)
  eden space 1202176K, 100% used [0x00000006c0f00000,0x000000070a500000,0x000000070a500000)
  from space 22528K, 0% used [0x000000070a500000,0x000000070a500000,0x000000070bb00000)
  to   space 23040K, 0% used [0x0000000734b80000,0x0000000734b80000,0x0000000736200000)
 ParOldGen       total 1457664K, used 363775K [0x00000004c2c00000, 0x000000051bb80000, 0x00000006c0f00000)
  object space 1457664K, 24% used [0x00000004c2c00000,0x00000004d8f3ffe8,0x000000051bb80000)
 Metaspace       used 64502K, capacity 67686K, committed 68056K, reserved 1107968K
  class space    used 8597K, capacity 9172K, committed 9216K, reserved 1048576K
Event: 9.799 GC heap after
Heap after GC invocations=18 (full 4):
 PSYoungGen      total 1815552K, used 64K [0x00000006c0f00000, 0x0000000734c00000, 0x00000007c0000000)
  eden space 1815040K, 0% used [0x00000006c0f00000,0x00000006c0f00000,0x000000072fb80000)
  from space 512K, 12% used [0x0000000734b80000,0x0000000734b90000,0x0000000734c00000)
  to   space 23040K, 0% used [0x0000000731f00000,0x0000000731f00000,0x0000000733580000)
 ParOldGen       total 1457664K, used 870605K [0x00000004c2c00000, 0x000000051bb80000, 0x00000006c0f00000)
  object space 1457664K, 59% used [0x00000004c2c00000,0x00000004f7e33658,0x000000051bb80000)
 Metaspace       used 64502K, capacity 67686K, committed 68056K, reserved 1107968K
  class space    used 8597K, capacity 9172K, committed 9216K, reserved 1048576K
}
Event: 16.634 GC heap before
{Heap before GC invocations=19 (full 4):
 PSYoungGen      total 1815552K, used 1796645K [0x00000006c0f00000, 0x0000000734c00000, 0x00000007c0000000)
  eden space 1815040K, 98% used [0x00000006c0f00000,0x000000072e979770,0x000000072fb80000)
  from space 512K, 12% used [0x0000000734b80000,0x0000000734b90000,0x0000000734c00000)
  to   space 23040K, 0% used [0x0000000731f00000,0x0000000731f00000,0x0000000733580000)
 ParOldGen       total 1457664K, used 870605K [0x00000004c2c00000, 0x000000051bb80000, 0x00000006c0f00000)
  object space 1457664K, 59% used [0x00000004c2c00000,0x00000004f7e33658,0x000000051bb80000)
 Metaspace       used 64508K, capacity 67686K, committed 68056K, reserved 1107968K
  class space    used 8597K, capacity 9172K, committed 9216K, reserved 1048576K
Event: 17.181 GC heap after
Heap after GC invocations=19 (full 4):
 PSYoungGen      total 1874432K, used 23040K [0x00000006c0f00000, 0x00000007b2a80000, 0x00000007c0000000)
  eden space 1851392K, 0% used [0x00000006c0f00000,0x00000006c0f00000,0x0000000731f00000)
  from space 23040K, 100% used [0x0000000731f00000,0x0000000733580000,0x0000000733580000)
  to   space 625664K, 0% used [0x000000078c780000,0x000000078c780000,0x00000007b2a80000)
 ParOldGen       total 2488832K, used 2488701K [0x00000004c2c00000, 0x000000055aa80000, 0x00000006c0f00000)
  object space 2488832K, 99% used [0x00000004c2c00000,0x000000055aa5f678,0x000000055aa80000)
 Metaspace       used 64508K, capacity 67686K, committed 68056K, reserved 1107968K
  class space    used 8597K, capacity 9172K, committed 9216K, reserved 1048576K
}
Event: 17.181 GC heap before
{Heap before GC invocations=20 (full 5):
 PSYoungGen      total 1874432K, used 23040K [0x00000006c0f00000, 0x00000007b2a80000, 0x00000007c0000000)
  eden space 1851392K, 0% used [0x00000006c0f00000,0x00000006c0f00000,0x0000000731f00000)
  from space 23040K, 100% used [0x0000000731f00000,0x0000000733580000,0x0000000733580000)
  to   space 625664K, 0% used [0x000000078c780000,0x000000078c780000,0x00000007b2a80000)
 ParOldGen       total 2488832K, used 2488701K [0x00000004c2c00000, 0x000000055aa80000, 0x00000006c0f00000)
  object space 2488832K, 99% used [0x00000004c2c00000,0x000000055aa5f678,0x000000055aa80000)
 Metaspace       used 64508K, capacity 67686K, committed 68056K, reserved 1107968K
  class space    used 8597K, capacity 9172K, committed 9216K, reserved 1048576K

