# JRE version: OpenJDK Runtime Environment (8.0_402-b08) (build 1.8.0_402-b08)
# Java VM: OpenJDK 64-Bit Server VM (25.402-b08 mixed mode windows-amd64 compressed oops)
Heap:
 PSYoungGen      total 980480K, used 980461K [0x00000006c0f00000, 0x0000000730b80000, 0x00000007c0000000)
  eden space 635392K, 100% used [0x00000006c0f00000,0x00000006e7b80000,0x00000006e7b80000)
  from space 345088K, 99% used [0x00000006e7b80000,0x00000006fcc7b428,0x00000006fcc80000)
  to   space 510464K, 77% used [0x0000000711900000,0x0000000729953428,0x0000000730b80000)
 ParOldGen       total 1725440K, used 942429K [0x00000004c2c00000, 0x000000052c100000, 0x00000006c0f00000)
  object space 1725440K, 54% used [0x00000004c2c00000,0x00000004fc457730,0x000000052c100000)
 Metaspace       used 58178K, capacity 61254K, committed 61440K, reserved 1101824K
  class space    used 7834K, capacity 8388K, committed 8448K, reserved 1048576K
GC Heap History (10 events):
Event: 6.123 GC heap after
Heap after GC invocations=11 (full 3):
 PSYoungGen      total 518144K, used 21472K [0x00000006c0f00000, 0x00000006ebc00000, 0x00000007c0000000)
  eden space 496640K, 0% used [0x00000006c0f00000,0x00000006c0f00000,0x00000006df400000)
  from space 21504K, 99% used [0x00000006e2e80000,0x00000006e4378020,0x00000006e4380000)
  to   space 59904K, 0% used [0x00000006df400000,0x00000006df400000,0x00000006e2e80000)
 ParOldGen       total 760320K, used 127756K [0x00000004c2c00000, 0x00000004f1280000, 0x00000006c0f00000)
  object space 760320K, 16% used [0x00000004c2c00000,0x00000004ca8c3258,0x00000004f1280000)
 Metaspace       used 57963K, capacity 60956K, committed 61184K, reserved 1101824K
  class space    used 7828K, capacity 8355K, committed 8448K, reserved 1048576K
}
Event: 6.292 GC heap before
{Heap before GC invocations=12 (full 3):
 PSYoungGen      total 518144K, used 518112K [0x00000006c0f00000, 0x00000006ebc00000, 0x00000007c0000000)
  eden space 496640K, 100% used [0x00000006c0f00000,0x00000006df400000,0x00000006df400000)
  from space 21504K, 99% used [0x00000006e2e80000,0x00000006e4378020,0x00000006e4380000)
  to   space 59904K, 0% used [0x00000006df400000,0x00000006df400000,0x00000006e2e80000)
 ParOldGen       total 760320K, used 127756K [0x00000004c2c00000, 0x00000004f1280000, 0x00000006c0f00000)
  object space 760320K, 16% used [0x00000004c2c00000,0x00000004ca8c3258,0x00000004f1280000)
 Metaspace       used 57963K, capacity 60956K, committed 61184K, reserved 1101824K
  class space    used 7828K, capacity 8355K, committed 8448K, reserved 1048576K
Event: 6.478 GC heap after
Heap after GC invocations=12 (full 3):
 PSYoungGen      total 556544K, used 59904K [0x00000006c0f00000, 0x000000070e800000, 0x00000007c0000000)
  eden space 496640K, 0% used [0x00000006c0f00000,0x00000006c0f00000,0x00000006df400000)
  from space 59904K, 100% used [0x00000006df400000,0x00000006e2e80000,0x00000006e2e80000)
  to   space 254464K, 0% used [0x00000006fef80000,0x00000006fef80000,0x000000070e800000)
 ParOldGen       total 760320K, used 583452K [0x00000004c2c00000, 0x00000004f1280000, 0x00000006c0f00000)
  object space 760320K, 76% used [0x00000004c2c00000,0x00000004e65c7278,0x00000004f1280000)
 Metaspace       used 57963K, capacity 60956K, committed 61184K, reserved 1101824K
  class space    used 7828K, capacity 8355K, committed 8448K, reserved 1048576K
}
Event: 6.478 GC heap before
{Heap before GC invocations=13 (full 4):
 PSYoungGen      total 556544K, used 59904K [0x00000006c0f00000, 0x000000070e800000, 0x00000007c0000000)
  eden space 496640K, 0% used [0x00000006c0f00000,0x00000006c0f00000,0x00000006df400000)
  from space 59904K, 100% used [0x00000006df400000,0x00000006e2e80000,0x00000006e2e80000)
  to   space 254464K, 0% used [0x00000006fef80000,0x00000006fef80000,0x000000070e800000)
 ParOldGen       total 760320K, used 583452K [0x00000004c2c00000, 0x00000004f1280000, 0x00000006c0f00000)
  object space 760320K, 76% used [0x00000004c2c00000,0x00000004e65c7278,0x00000004f1280000)
 Metaspace       used 57963K, capacity 60956K, committed 61184K, reserved 1101824K
  class space    used 7828K, capacity 8355K, committed 8448K, reserved 1048576K
Event: 8.062 GC heap after
Heap after GC invocations=13 (full 4):
 PSYoungGen      total 556544K, used 0K [0x00000006c0f00000, 0x000000070e800000, 0x00000007c0000000)
  eden space 496640K, 0% used [0x00000006c0f00000,0x00000006c0f00000,0x00000006df400000)
  from space 59904K, 0% used [0x00000006df400000,0x00000006df400000,0x00000006e2e80000)
  to   space 254464K, 0% used [0x00000006fef80000,0x00000006fef80000,0x000000070e800000)
 ParOldGen       total 1725440K, used 552358K [0x00000004c2c00000, 0x000000052c100000, 0x00000006c0f00000)
  object space 1725440K, 32% used [0x00000004c2c00000,0x00000004e4769878,0x000000052c100000)
 Metaspace       used 57963K, capacity 60956K, committed 61184K, reserved 1101824K
  class space    used 7828K, capacity 8355K, committed 8448K, reserved 1048576K
}
Event: 8.688 GC heap before
{Heap before GC invocations=14 (full 4):
 PSYoungGen      total 556544K, used 496640K [0x00000006c0f00000, 0x000000070e800000, 0x00000007c0000000)
  eden space 496640K, 100% used [0x00000006c0f00000,0x00000006df400000,0x00000006df400000)
  from space 59904K, 0% used [0x00000006df400000,0x00000006df400000,0x00000006e2e80000)
  to   space 254464K, 0% used [0x00000006fef80000,0x00000006fef80000,0x000000070e800000)
 ParOldGen       total 1725440K, used 552358K [0x00000004c2c00000, 0x000000052c100000, 0x00000006c0f00000)
  object space 1725440K, 32% used [0x00000004c2c00000,0x00000004e4769878,0x000000052c100000)
 Metaspace       used 58159K, capacity 61250K, committed 61440K, reserved 1101824K
  class space    used 7834K, capacity 8388K, committed 8448K, reserved 1048576K
Event: 8.817 GC heap after
Heap after GC invocations=14 (full 4):
 PSYoungGen      total 889856K, used 254445K [0x00000006c0f00000, 0x0000000711d80000, 0x00000007c0000000)
  eden space 635392K, 0% used [0x00000006c0f00000,0x00000006c0f00000,0x00000006e7b80000)
  from space 254464K, 99% used [0x00000006fef80000,0x000000070e7fb428,0x000000070e800000)
  to   space 345088K, 0% used [0x00000006e7b80000,0x00000006e7b80000,0x00000006fcc80000)
 ParOldGen       total 1725440K, used 669173K [0x00000004c2c00000, 0x000000052c100000, 0x00000006c0f00000)
  object space 1725440K, 38% used [0x00000004c2c00000,0x00000004eb97d730,0x000000052c100000)
 Metaspace       used 58159K, capacity 61250K, committed 61440K, reserved 1101824K
  class space    used 7834K, capacity 8388K, committed 8448K, reserved 1048576K
}
Event: 10.035 GC heap before
{Heap before GC invocations=15 (full 4):
 PSYoungGen      total 889856K, used 889837K [0x00000006c0f00000, 0x0000000711d80000, 0x00000007c0000000)
  eden space 635392K, 100% used [0x00000006c0f00000,0x00000006e7b80000,0x00000006e7b80000)
  from space 254464K, 99% used [0x00000006fef80000,0x000000070e7fb428,0x000000070e800000)
  to   space 345088K, 0% used [0x00000006e7b80000,0x00000006e7b80000,0x00000006fcc80000)
 ParOldGen       total 1725440K, used 669173K [0x00000004c2c00000, 0x000000052c100000, 0x00000006c0f00000)
  object space 1725440K, 38% used [0x00000004c2c00000,0x00000004eb97d730,0x000000052c100000)
 Metaspace       used 58177K, capacity 61254K, committed 61440K, reserved 1101824K
  class space    used 7834K, capacity 8388K, committed 8448K, reserved 1048576K
Event: 10.208 GC heap after
Heap after GC invocations=15 (full 4):
 PSYoungGen      total 980480K, used 345069K [0x00000006c0f00000, 0x0000000730b80000, 0x00000007c0000000)
  eden space 635392K, 0% used [0x00000006c0f00000,0x00000006c0f00000,0x00000006e7b80000)
  from space 345088K, 99% used [0x00000006e7b80000,0x00000006fcc7b428,0x00000006fcc80000)
  to   space 510464K, 0% used [0x0000000711900000,0x0000000711900000,0x0000000730b80000)
 ParOldGen       total 1725440K, used 942429K [0x00000004c2c00000, 0x000000052c100000, 0x00000006c0f00000)
  object space 1725440K, 54% used [0x00000004c2c00000,0x00000004fc457730,0x000000052c100000)
 Metaspace       used 58177K, capacity 61254K, committed 61440K, reserved 1101824K
  class space    used 7834K, capacity 8388K, committed 8448K, reserved 1048576K
}
Event: 11.398 GC heap before
{Heap before GC invocations=16 (full 4):
 PSYoungGen      total 980480K, used 980461K [0x00000006c0f00000, 0x0000000730b80000, 0x00000007c0000000)
  eden space 635392K, 100% used [0x00000006c0f00000,0x00000006e7b80000,0x00000006e7b80000)
  from space 345088K, 99% used [0x00000006e7b80000,0x00000006fcc7b428,0x00000006fcc80000)
  to   space 510464K, 0% used [0x0000000711900000,0x0000000711900000,0x0000000730b80000)
 ParOldGen       total 1725440K, used 942429K [0x00000004c2c00000, 0x000000052c100000, 0x00000006c0f00000)
  object space 1725440K, 54% used [0x00000004c2c00000,0x00000004fc457730,0x000000052c100000)
 Metaspace       used 58178K, capacity 61254K, committed 61440K, reserved 1101824K
  class space    used 7834K, capacity 8388K, committed 8448K, reserved 1048576K

