# JRE version: OpenJDK Runtime Environment (8.0_402-b08) (build 1.8.0_402-b08)
# Java VM: OpenJDK 64-Bit Server VM (25.402-b08 mixed mode windows-amd64 compressed oops)
Heap:
 PSYoungGen      total 2222080K, used 560608K [0x00000006c0f00000, 0x00000007c0000000, 0x00000007c0000000)
  eden space 1661440K, 0% used [0x00000006c0f00000,0x00000006c0f00000,0x0000000726580000)
  from space 560640K, 99% used [0x0000000771000000,0x0000000793378020,0x0000000793380000)
  to   space 1223168K, 0% used [0x0000000726580000,0x0000000726580000,0x0000000771000000)
 ParOldGen       total 3418624K, used 3351285K [0x00000004c2c00000, 0x0000000593680000, 0x00000006c0f00000)
  object space 3418624K, 98% used [0x00000004c2c00000,0x000000058f4bd638,0x0000000593680000)
 Metaspace       used 64485K, capacity 67640K, committed 67840K, reserved 1107968K
  class space    used 8594K, capacity 9172K, committed 9216K, reserved 1048576K
GC Heap History (10 events):
Event: 9.614 GC heap after
Heap after GC invocations=17 (full 5):
 PSYoungGen      total 1775616K, used 32K [0x00000006c0f00000, 0x0000000732300000, 0x00000007c0000000)
  eden space 1775104K, 0% used [0x00000006c0f00000,0x00000006c0f00000,0x000000072d480000)
  from space 512K, 6% used [0x0000000732280000,0x0000000732288000,0x0000000732300000)
  to   space 26112K, 0% used [0x000000072f000000,0x000000072f000000,0x0000000730980000)
 ParOldGen       total 1144320K, used 870661K [0x00000004c2c00000, 0x0000000508980000, 0x00000006c0f00000)
  object space 1144320K, 76% used [0x00000004c2c00000,0x00000004f7e41680,0x0000000508980000)
 Metaspace       used 64473K, capacity 67640K, committed 67840K, reserved 1107968K
  class space    used 8594K, capacity 9172K, committed 9216K, reserved 1048576K
}
Event: 9.614 GC heap before
{Heap before GC invocations=18 (full 6):
 PSYoungGen      total 1775616K, used 32K [0x00000006c0f00000, 0x0000000732300000, 0x00000007c0000000)
  eden space 1775104K, 0% used [0x00000006c0f00000,0x00000006c0f00000,0x000000072d480000)
  from space 512K, 6% used [0x0000000732280000,0x0000000732288000,0x0000000732300000)
  to   space 26112K, 0% used [0x000000072f000000,0x000000072f000000,0x0000000730980000)
 ParOldGen       total 1144320K, used 870661K [0x00000004c2c00000, 0x0000000508980000, 0x00000006c0f00000)
  object space 1144320K, 76% used [0x00000004c2c00000,0x00000004f7e41680,0x0000000508980000)
 Metaspace       used 64473K, capacity 67640K, committed 67840K, reserved 1107968K
  class space    used 8594K, capacity 9172K, committed 9216K, reserved 1048576K
Event: 10.238 GC heap after
Heap after GC invocations=18 (full 6):
 PSYoungGen      total 1775616K, used 0K [0x00000006c0f00000, 0x0000000732300000, 0x00000007c0000000)
  eden space 1775104K, 0% used [0x00000006c0f00000,0x00000006c0f00000,0x000000072d480000)
  from space 512K, 0% used [0x0000000732280000,0x0000000732280000,0x0000000732300000)
  to   space 26112K, 0% used [0x000000072f000000,0x000000072f000000,0x0000000730980000)
 ParOldGen       total 1541120K, used 532773K [0x00000004c2c00000, 0x0000000520d00000, 0x00000006c0f00000)
  object space 1541120K, 34% used [0x00000004c2c00000,0x00000004e34496f8,0x0000000520d00000)
 Metaspace       used 64473K, capacity 67640K, committed 67840K, reserved 1107968K
  class space    used 8594K, capacity 9172K, committed 9216K, reserved 1048576K
}
Event: 16.972 GC heap before
{Heap before GC invocations=19 (full 6):
 PSYoungGen      total 1775616K, used 1775104K [0x00000006c0f00000, 0x0000000732300000, 0x00000007c0000000)
  eden space 1775104K, 100% used [0x00000006c0f00000,0x000000072d480000,0x000000072d480000)
  from space 512K, 0% used [0x0000000732280000,0x0000000732280000,0x0000000732300000)
  to   space 26112K, 0% used [0x000000072f000000,0x000000072f000000,0x0000000730980000)
 ParOldGen       total 1541120K, used 532773K [0x00000004c2c00000, 0x0000000520d00000, 0x00000006c0f00000)
  object space 1541120K, 34% used [0x00000004c2c00000,0x00000004e34496f8,0x0000000520d00000)
 Metaspace       used 64483K, capacity 67640K, committed 67840K, reserved 1107968K
  class space    used 8594K, capacity 9172K, committed 9216K, reserved 1048576K
Event: 17.464 GC heap after
Heap after GC invocations=19 (full 6):
 PSYoungGen      total 1829376K, used 26112K [0x00000006c0f00000, 0x0000000793380000, 0x00000007c0000000)
  eden space 1803264K, 0% used [0x00000006c0f00000,0x00000006c0f00000,0x000000072f000000)
  from space 26112K, 100% used [0x000000072f000000,0x0000000730980000,0x0000000730980000)
  to   space 560640K, 0% used [0x0000000771000000,0x0000000771000000,0x0000000793380000)
 ParOldGen       total 1965568K, used 1964637K [0x00000004c2c00000, 0x000000053ab80000, 0x00000006c0f00000)
  object space 1965568K, 99% used [0x00000004c2c00000,0x000000053aa97718,0x000000053ab80000)
 Metaspace       used 64483K, capacity 67640K, committed 67840K, reserved 1107968K
  class space    used 8594K, capacity 9172K, committed 9216K, reserved 1048576K
}
Event: 17.464 GC heap before
{Heap before GC invocations=20 (full 7):
 PSYoungGen      total 1829376K, used 26112K [0x00000006c0f00000, 0x0000000793380000, 0x00000007c0000000)
  eden space 1803264K, 0% used [0x00000006c0f00000,0x00000006c0f00000,0x000000072f000000)
  from space 26112K, 100% used [0x000000072f000000,0x0000000730980000,0x0000000730980000)
  to   space 560640K, 0% used [0x0000000771000000,0x0000000771000000,0x0000000793380000)
 ParOldGen       total 1965568K, used 1964637K [0x00000004c2c00000, 0x000000053ab80000, 0x00000006c0f00000)
  object space 1965568K, 99% used [0x00000004c2c00000,0x000000053aa97718,0x000000053ab80000)
 Metaspace       used 64483K, capacity 67640K, committed 67840K, reserved 1107968K
  class space    used 8594K, capacity 9172K, committed 9216K, reserved 1048576K
Event: 21.579 GC heap after
Heap after GC invocations=20 (full 7):
 PSYoungGen      total 1829376K, used 0K [0x00000006c0f00000, 0x0000000793380000, 0x00000007c0000000)
  eden space 1803264K, 0% used [0x00000006c0f00000,0x00000006c0f00000,0x000000072f000000)
  from space 26112K, 0% used [0x000000072f000000,0x000000072f000000,0x0000000730980000)
  to   space 560640K, 0% used [0x0000000771000000,0x0000000771000000,0x0000000793380000)
 ParOldGen       total 3418624K, used 1857301K [0x00000004c2c00000, 0x0000000593680000, 0x00000006c0f00000)
  object space 3418624K, 54% used [0x00000004c2c00000,0x00000005341c5638,0x0000000593680000)
 Metaspace       used 64483K, capacity 67640K, committed 67840K, reserved 1107968K
  class space    used 8594K, capacity 9172K, committed 9216K, reserved 1048576K
}
Event: 22.080 GC heap before
{Heap before GC invocations=21 (full 7):
 PSYoungGen      total 1829376K, used 1803264K [0x00000006c0f00000, 0x0000000793380000, 0x00000007c0000000)
  eden space 1803264K, 100% used [0x00000006c0f00000,0x000000072f000000,0x000000072f000000)
  from space 26112K, 0% used [0x000000072f000000,0x000000072f000000,0x0000000730980000)
  to   space 560640K, 0% used [0x0000000771000000,0x0000000771000000,0x0000000793380000)
 ParOldGen       total 3418624K, used 1857301K [0x00000004c2c00000, 0x0000000593680000, 0x00000006c0f00000)
  object space 3418624K, 54% used [0x00000004c2c00000,0x00000005341c5638,0x0000000593680000)
 Metaspace       used 64485K, capacity 67640K, committed 67840K, reserved 1107968K
  class space    used 8594K, capacity 9172K, committed 9216K, reserved 1048576K
Event: 22.805 GC heap after
Heap after GC invocations=21 (full 7):
 PSYoungGen      total 2222080K, used 560608K [0x00000006c0f00000, 0x00000007c0000000, 0x00000007c0000000)
  eden space 1661440K, 0% used [0x00000006c0f00000,0x00000006c0f00000,0x0000000726580000)
  from space 560640K, 99% used [0x0000000771000000,0x0000000793378020,0x0000000793380000)
  to   space 1223168K, 0% used [0x0000000726580000,0x0000000726580000,0x0000000771000000)
 ParOldGen       total 3418624K, used 3351285K [0x00000004c2c00000, 0x0000000593680000, 0x00000006c0f00000)
  object space 3418624K, 98% used [0x00000004c2c00000,0x000000058f4bd638,0x0000000593680000)
 Metaspace       used 64485K, capacity 67640K, committed 67840K, reserved 1107968K
  class space    used 8594K, capacity 9172K, committed 9216K, reserved 1048576K
}
Event: 22.805 GC heap before
{Heap before GC invocations=22 (full 8):
 PSYoungGen      total 2222080K, used 560608K [0x00000006c0f00000, 0x00000007c0000000, 0x00000007c0000000)
  eden space 1661440K, 0% used [0x00000006c0f00000,0x00000006c0f00000,0x0000000726580000)
  from space 560640K, 99% used [0x0000000771000000,0x0000000793378020,0x0000000793380000)
  to   space 1223168K, 0% used [0x0000000726580000,0x0000000726580000,0x0000000771000000)
 ParOldGen       total 3418624K, used 3351285K [0x00000004c2c00000, 0x0000000593680000, 0x00000006c0f00000)
  object space 3418624K, 98% used [0x00000004c2c00000,0x000000058f4bd638,0x0000000593680000)
 Metaspace       used 64485K, capacity 67640K, committed 67840K, reserved 1107968K
  class space    used 8594K, capacity 9172K, committed 9216K, reserved 1048576K

